<?xml version="1.0" encoding="UTF-8"?>
<!-- Generated by org.testng.reporters.JUnitXMLReporter -->
<testsuite hostname="hp-PC" name="exampletest1" tests="3" failures="0" timestamp="25 Aug 2018 13:01:29 GMT" time="0.079" errors="0">
  <testcase name="testSalutationMessage" time="0.017" classname="TestngPack.FirstTest"/>
  <testcase name="testPrintMessage" time="0.0" classname="TestngPack.FirstTest"/>
  <testcase name="firstest" time="0.0" classname="TestngPack.FirstTest"/>
</testsuite> <!-- exampletest1 -->
