<?xml version="1.0" encoding="UTF-8"?>
<!-- Generated by org.testng.reporters.JUnitXMLReporter -->
<testsuite hostname="hp-PC" name="Paralleltest" tests="4" failures="0" timestamp="28 Aug 2018 14:58:58 GMT" time="0.093" errors="0">
  <testcase name="firstest" time="0.016" classname="TestngPack.ParallelExecution"/>
  <testcase name="fouthtest" time="0.016" classname="TestngPack.ParallelExecution"/>
  <testcase name="secondtest" time="0.0" classname="TestngPack.ParallelExecution"/>
  <testcase name="thirdtest" time="0.0" classname="TestngPack.ParallelExecution"/>
</testsuite> <!-- Paralleltest -->
