<?xml version="1.0" encoding="UTF-8"?>
<!-- Generated by org.testng.reporters.JUnitXMLReporter -->
<testsuite hostname="hp-PC" name="Paralleltest" tests="5" failures="0" timestamp="13 Sep 2018 13:52:28 GMT" time="0.126" errors="0">
  <testcase name="firstest" time="0.031" classname="TestngPack.ParallelExecution"/>
  <testcase name="fouthtest" time="0.0" classname="TestngPack.ParallelExecution"/>
  <testcase name="fifthtest" time="0.0" classname="TestngPack.ParallelExecution"/>
  <testcase name="secondtest" time="0.0" classname="TestngPack.ParallelExecution"/>
  <testcase name="thirdtest" time="0.0" classname="TestngPack.ParallelExecution"/>
</testsuite> <!-- Paralleltest -->
